<?xml version="1.0" encoding="UTF-8"?>
<!-- Generated by org.testng.reporters.JUnitReportReporter -->
<testsuite skipped="0" hostname="DESKTOP-EKBA8NT" name="Test.BasicsOfRestAssured" tests="1" failures="0" timestamp="15 Feb 2020 06:13:44 GMT" time="2.089" errors="0">
  <testcase name="TestF1" time="2.089" classname="Test.BasicsOfRestAssured"/>
</testsuite> <!-- Test.BasicsOfRestAssured -->
